     1                                  ;%%%%%%%%%%%%%%%%%%%%%%%%%%%%%%%%%%%%%%%%%
     2                                  ;assemble and link with 
     3                                  ;assemble: -->> nasm -f win64 -o ScanF.o ScanF.asm -l ScanF.lst
     4                                  ;link:	   -->> gcc64 -o ScanF ScanF.o
     5                                  ;run:      -->> ScanF
     6                                  ;%%%%%%%%%%%%%%%%%%%%%%%%%%%%%%%%%%%%%%%%%
     7                                  ;-----------------------------------------
     8                                  
     9                                  ;file: ScanF.asm (nombre programa)
    10                                  
    11                                  extern printf, scanf,gets,fgets		
    12                                  
    13                                  segment .data
    14                                  ;aqui se declaran variables inicializadas
    15 00000000 6666E600                PF DD 0b111001100110011001100110
    16 00000004 256C6C642000            formatoDecimal db "%lld ",0
    17 0000000A 257300                  formatoString db "%s",0	
    18 0000000D 01                      stdin db 1
    19                                  segment .bss
    20                                  ;Block Started by Symbol(BSS) 
    21                                  ;aqui van las variables declaradas pero sin inicializar
    22 00000000 <res 00000008>          v1 resq 1
    23 00000008 <res 00000064>          miCad resb 100
    24                                  segment .text 
    25                                  
    26                                  global main 					
    27                                  main:	
    28                                  ;etiqueta que indica el comienzo del programa principal
    29                                  ;aqui van las instrucciones
    30                                  
    31                                  ;le pasamos el formato 1
    32                                  ; donde almacenar 2
    33 00000000 4883EC20                sub rsp,0x20
    34 00000004 48BA-                   mov rdx,v1
    34 00000006 [0000000000000000] 
    35 0000000E 48B9-                   mov rcx,formatoDecimal
    35 00000010 [0400000000000000] 
    36 00000018 E8(00000000)            call scanf
    37 0000001D 4883C420                add rsp,0x20
    38                                  
    39                                  
    40                                  
    41                                  ;GETS un escaneo para string con espacios
    42 00000021 4883EC20                sub rsp,0x20
    43 00000025 48B9-                   	mov rcx,miCad
    43 00000027 [0800000000000000] 
    44 0000002F E8(00000000)            	call gets  
    45 00000034 4883C420                add rsp,0x20
    46                                  ;FGETS un escaneo para string con espacios PERO SI SE PUEDE USAR LUEGO..
    47                                  ; DE UN SCANF
    48                                  
    49                                  
    50                                  
    51 00000038 4883EC20                sub rsp, 0x20
    52 0000003C 488B1425[00000000]      	mov rdx,[v1]
    53 00000044 48B9-                   	mov rcx,formatoDecimal
    53 00000046 [0400000000000000] 
    54 0000004E E8(00000000)            	call printf
    55 00000053 4883C420                add rsp,0x20
    56                                  
    57 00000057 4883EC20                sub rsp, 0x20
    58 0000005B 48B9-                   	mov rcx,miCad
    58 0000005D [0800000000000000] 
    59 00000065 E8(00000000)            	call printf
    60 0000006A 4883C420                add rsp,0x20
    61                                  
    62 0000006E C3                      ret
    63                                  ;---------------------------------------
    64                                  ;..........subrutinas....................	
    65                                  
    66                                  
    67                                  
