     1                                  ;%%%%%%%%%%%%%%%%%%%%%%%%%%%%%%%%%%%%%%%%%
     2                                  ;assemble and link with 
     3                                  ;assemble: -->> nasm -f win64 -o P1.o P1.asm -l P1.lst
     4                                  ;link:	   -->> gcc64 -o P1 P1.o
     5                                  ;run:      -->> P1
     6                                  ;%%%%%%%%%%%%%%%%%%%%%%%%%%%%%%%%%%%%%%%%%
     7                                  ;-----------------------------------------
     8                                  
     9                                  ;file: P1.asm (nombre programa)
    10                                  
    11                                  extern printf, scanf		
    12                                  
    13                                  segment .data
    14                                  ;aqui se declaran variables inicializadas
    15                                  
    16                                  		
    17                                  segment .bss
    18                                  ;Block Started by Symbol(BSS) 
    19                                  ;aqui van las variables declaradas pero sin inicializar
    20                                  
    21                                  
    22                                  segment .text 
    23                                  
    24                                  global main 					
    25                                  main:	
    26                                  ;etiqueta que indica el comienzo del programa principal
    27                                  ;aqui van las instrucciones
    28                                  
    29 00000000 4831C0                  xor rax,rax
    30                                  
    31 00000003 BAFFFF0000               mov edx,0xffff
    32 00000008 B805000000              mov rax,5
    33                                  
    34 0000000D BB03000000              mov rbx, 3
    35                                  
    36 00000012 F7EB                    imul ebx
    37                                  	
    38 00000014 C3                      ret
    39                                  ;---------------------------------------
    40                                  ;..........subrutinas....................	
    41                                  
    42                                  
    43                                  
