     1                                  ;%%%%%%%%%%%%%%%%%%%%%%%%%%%%%%%%%%%%%%%%%
     2                                  ;assemble and link with 
     3                                  ;assemble: -->> nasm -f win64 -o 03.o 03.asm -l 03.lst
     4                                  ;link:	   -->> gcc -o 03 03.o
     5                                  ;run:      -->> 03
     6                                  ;%%%%%%%%%%%%%%%%%%%%%%%%%%%%%%%%%%%%%%%%%
     7                                  ;-----------------------------------------
     8                                  
     9                                  ;file: 03.asm (nombre programa)
    10                                  
    11                                  extern printf, scanf		
    12                                  
    13                                  segment .data
    14                                  ;aqui se declaran variables inicializadas
    15                                  
    16                                  		
    17                                  segment .bss
    18                                  ;Block Started by Symbol(BSS) 
    19                                  ;aqui van las variables declaradas pero sin inicializar
    20                                  
    21                                  
    22                                  segment .text 
    23                                  
    24                                  global main 					
    25                                  main:	
    26                                  ;etiqueta que indica el comienzo del programa principal
    27                                  ;aqui van las instrucciones
    28 00000000 66B81100                MOV AX,0B0001_0001
    29 00000004 66B9E800                 MOV CX,0B1110_1000
    30 00000008 66BAC000                 MOV DX,0B1100_0000
    31 0000000C B7B8                     MOV BH,0B1011_1000
    32                                  
    33                                  
    34                                  	
    35 0000000E C3                      ret
    36                                  ;---------------------------------------
    37                                  ;..........subrutinas....................	
    38                                  
    39                                  
    40                                  
