     1                                  ;%%%%%%%%%%%%%%%%%%%%%%%%%%%%%%%%%%%%%%%%%
     2                                  ;assemble and link with 
     3                                  ;assemble: -->> nasm -f win64 -o 06.o 06.asm -l 06.lst
     4                                  ;link:	   -->> gcc -o 06 06.o
     5                                  ;run:      -->> 06
     6                                  ;%%%%%%%%%%%%%%%%%%%%%%%%%%%%%%%%%%%%%%%%%
     7                                  ;-----------------------------------------
     8                                  
     9                                  ;file: 06.asm (nombre programa)
    10                                  
    11                                  extern printf, scanf		
    12                                  
    13                                  segment .data
    14                                  ;aqui se declaran variables inicializadas
    15                                  
    16                                  		
    17                                  segment .bss
    18                                  ;Block Started by Symbol(BSS) 
    19                                  ;aqui van las variables declaradas pero sin inicializar
    20                                  
    21                                  
    22                                  segment .text 
    23                                  
    24                                  global main 					
    25                                  main:	
    26                                  ;etiqueta que indica el comienzo del programa principal
    27                                  ;aqui van las instrucciones
    28                                  
    29 00000000 B0F6                    MOV AL,-10
    30 00000002 B3FB                     MOV BL,-5
    31 00000004 B1F9                     MOV CL,-7
    32 00000006 B2FE                     MOV DL,-2
    33 00000008 48C7C0FFFFFFFF           MOV RAX,-1
    34 0000000F 4889C3                   MOV RBX,RAX
    35 00000012 89D8                     MOV EAX,EBX
    36                                  
    37                                  	
    38 00000014 C3                      ret
    39                                  ;---------------------------------------
    40                                  ;..........subrutinas....................	
    41                                  
    42                                  
    43                                  
