     1                                  ;%%%%%%%%%%%%%%%%%%%%%%%%%%%%%%%%%%%%%%%%%
     2                                  ;assemble and link with 
     3                                  ;assemble: -->> nasm -f win64 -o skel64.o skel64.asm -l skel64.lst
     4                                  ;link:	   -->> gcc -o skel64 skel64.o
     5                                  ;run:      -->> skel64
     6                                  ;%%%%%%%%%%%%%%%%%%%%%%%%%%%%%%%%%%%%%%%%%
     7                                  ;-----------------------------------------
     8                                  
     9                                  ;file: skel64.asm (nombre programa)
    10                                  
    11                                  extern printf, scanf		
    12                                  
    13                                  segment .data
    14                                  ;aqui se declaran variables inicializadas
    15 00000000 3E68FF0C                a DD 218064958
    16 00000004 C7CFFFFF                b DD -12345
    17 00000008 79C0C703                c DD 63422585
    18 0000000C CEF6FEFF                d DD -67890
    19 00000010 EFCDAB00                e DD 0XABCDEF		 
    20                                  
    21                                  		
    22                                  segment .bss
    23                                  ;Block Started by Symbol(BSS) 
    24                                  ;aqui van las variables declaradas pero sin inicializar
    25 00000000 <res 00000004>          x RESD 1
    26                                  
    27                                  segment .text 
    28                                  
    29                                  global main 					
    30                                  main:	
    31                                  ;etiqueta que indica el comienzo del programa principal
    32                                  ;aqui van las instrucciones
    33 00000000 4831C0                  xor rax,rax
    34 00000003 4831DB                  xor rbx,rbx
    35 00000006 4831C9                  xor rcx,rcx
    36 00000009 4831D2                  xor rdx,rdx
    37                                  
    38                                  ;d>>3 SAR
    39                                  
    40 0000000C 8B1425[0C000000]        MOV edx,[d]
    41 00000013 C1FA03                  SAR edx,3
    42                                  
    43                                  ;e<<5
    44 00000016 8B0C25[10000000]        mov ecx,[e]
    45 0000001D C1E105                  sal ecx,5
    46                                  
    47                                  ;a&b
    48 00000020 8B0425[00000000]        mov eax,[a]
    49 00000027 230425[04000000]        and eax,[b]
    50                                  ;-c
    51 0000002E 8B1425[08000000]        mov edx,[c]
    52 00000035 F7D2                    not edx
    53                                  ; a&b OR  -c 5
    54 00000037 09D0                    OR EAX,EDX
    55                                  
    56                                  ;  6
    57 00000039 29CA                    SUB EDX,ECX
    58                                  
    59 0000003B 31C2                    XOR EDX,EAX ;000000001A41FE20
    60                                  
    61 0000003D 890425[00000000]        MOV [x],eax
    62                                  	
    63 00000044 C3                      ret
    64                                  ;---------------------------------------
    65                                  ;..........subrutinas....................	
    66                                  
    67                                  
    68                                  
